<?xml version="1.0" encoding="UTF-8"?>
<testsuite name="Handler.DeleteNameHandlerTest" tests="1" skipped="0" failures="0" errors="0" timestamp="2018-05-04T04:09:26" hostname="C02VM0LGHTD8" time="0.002">
  <properties/>
  <testcase name="handleShouldSendGreetingWithInputNames" classname="Handler.DeleteNameHandlerTest" time="0.002"/>
  <system-out><![CDATA[]]></system-out>
  <system-err><![CDATA[]]></system-err>
</testsuite>
