<?xml version="1.0" encoding="UTF-8"?>
<testsuite name="Service.GreetingServiceTest" tests="3" skipped="0" failures="0" errors="0" timestamp="2018-05-04T04:09:26" hostname="C02VM0LGHTD8" time="0.068">
  <properties/>
  <testcase name="deleteNameFromGreeting_ShouldDeleteNameFromNameList" classname="Service.GreetingServiceTest" time="0.002"/>
  <testcase name="getDefaultGreeting_ShouldReturnDefaultGreetingWithTimeDate" classname="Service.GreetingServiceTest" time="0.066"/>
  <testcase name="addNameToGreeting_ShouldReturnCustomGreeting_WithInputName" classname="Service.GreetingServiceTest" time="0.0"/>
  <system-out><![CDATA[]]></system-out>
  <system-err><![CDATA[]]></system-err>
</testsuite>
